[2024-03-04 17:59:38] production.ERROR: No application encryption key has been specified. {"exception":"[object] (Illuminate\\Encryption\\MissingAppKeyException(code: 0): No application encryption key has been specified. at /Users/miguelfernandosansebastianmorales/Documents/luciernagas/vendor/laravel/framework/src/Illuminate/Encryption/EncryptionServiceProvider.php:79)
[stacktrace]
#0 /Users/miguelfernandosansebastianmorales/Documents/luciernagas/vendor/laravel/framework/src/Illuminate/Support/helpers.php(306): Illuminate\\Encryption\\EncryptionServiceProvider->Illuminate\\Encryption\\{closure}(NULL)
#1 /Users/miguelfernandosansebastianmorales/Documents/luciernagas/vendor/laravel/framework/src/Illuminate/Encryption/EncryptionServiceProvider.php(77): tap(NULL, Object(Closure))
#2 /Users/miguelfernandosansebastianmorales/Documents/luciernagas/vendor/laravel/framework/src/Illuminate/Encryption/EncryptionServiceProvider.php(60): Illuminate\\Encryption\\EncryptionServiceProvider->key(Array)
#3 /Users/miguelfernandosansebastianmorales/Documents/luciernagas/vendor/laravel/framework/src/Illuminate/Encryption/EncryptionServiceProvider.php(32): Illuminate\\Encryption\\EncryptionServiceProvider->parseKey(Array)
#4 /Users/miguelfernandosansebastianmorales/Documents/luciernagas/vendor/laravel/framework/src/Illuminate/Container/Container.php(885): Illuminate\\Encryption\\EncryptionServiceProvider->Illuminate\\Encryption\\{closure}(Object(Illuminate\\Foundation\\Application), Array)
#5 /Users/miguelfernandosansebastianmorales/Documents/luciernagas/vendor/laravel/framework/src/Illuminate/Container/Container.php(770): Illuminate\\Container\\Container->build(Object(Closure))
#6 /Users/miguelfernandosansebastianmorales/Documents/luciernagas/vendor/laravel/framework/src/Illuminate/Foundation/Application.php(856): Illuminate\\Container\\Container->resolve('encrypter', Array, true)
#7 /Users/miguelfernandosansebastianmorales/Documents/luciernagas/vendor/laravel/framework/src/Illuminate/Container/Container.php(706): Illuminate\\Foundation\\Application->resolve('encrypter', Array)
#8 /Users/miguelfernandosansebastianmorales/Documents/luciernagas/vendor/laravel/framework/src/Illuminate/Foundation/Application.php(841): Illuminate\\Container\\Container->make('encrypter', Array)
#9 /Users/miguelfernandosansebastianmorales/Documents/luciernagas/vendor/laravel/framework/src/Illuminate/Container/Container.php(1043): Illuminate\\Foundation\\Application->make('encrypter')
#10 /Users/miguelfernandosansebastianmorales/Documents/luciernagas/vendor/laravel/framework/src/Illuminate/Container/Container.php(959): Illuminate\\Container\\Container->resolveClass(Object(ReflectionParameter))
#11 /Users/miguelfernandosansebastianmorales/Documents/luciernagas/vendor/laravel/framework/src/Illuminate/Container/Container.php(920): Illuminate\\Container\\Container->resolveDependencies(Array)
#12 /Users/miguelfernandosansebastianmorales/Documents/luciernagas/vendor/laravel/framework/src/Illuminate/Container/Container.php(770): Illuminate\\Container\\Container->build('App\\\\Http\\\\Middle...')
#13 /Users/miguelfernandosansebastianmorales/Documents/luciernagas/vendor/laravel/framework/src/Illuminate/Foundation/Application.php(856): Illuminate\\Container\\Container->resolve('App\\\\Http\\\\Middle...', Array, true)
#14 /Users/miguelfernandosansebastianmorales/Documents/luciernagas/vendor/laravel/framework/src/Illuminate/Container/Container.php(706): Illuminate\\Foundation\\Application->resolve('App\\\\Http\\\\Middle...', Array)
#15 /Users/miguelfernandosansebastianmorales/Documents/luciernagas/vendor/laravel/framework/src/Illuminate/Foundation/Application.php(841): Illuminate\\Container\\Container->make('App\\\\Http\\\\Middle...', Array)
#16 /Users/miguelfernandosansebastianmorales/Documents/luciernagas/vendor/laravel/framework/src/Illuminate/Pipeline/Pipeline.php(169): Illuminate\\Foundation\\Application->make('App\\\\Http\\\\Middle...')
#17 /Users/miguelfernandosansebastianmorales/Documents/luciernagas/vendor/laravel/framework/src/Illuminate/Pipeline/Pipeline.php(116): Illuminate\\Pipeline\\Pipeline->Illuminate\\Pipeline\\{closure}(Object(Illuminate\\Http\\Request))
#18 /Users/miguelfernandosansebastianmorales/Documents/luciernagas/vendor/laravel/framework/src/Illuminate/Routing/Router.php(797): Illuminate\\Pipeline\\Pipeline->then(Object(Closure))
#19 /Users/miguelfernandosansebastianmorales/Documents/luciernagas/vendor/laravel/framework/src/Illuminate/Routing/Router.php(776): Illuminate\\Routing\\Router->runRouteWithinStack(Object(Illuminate\\Routing\\Route), Object(Illuminate\\Http\\Request))
#20 /Users/miguelfernandosansebastianmorales/Documents/luciernagas/vendor/laravel/framework/src/Illuminate/Routing/Router.php(740): Illuminate\\Routing\\Router->runRoute(Object(Illuminate\\Http\\Request), Object(Illuminate\\Routing\\Route))
#21 /Users/miguelfernandosansebastianmorales/Documents/luciernagas/vendor/laravel/framework/src/Illuminate/Routing/Router.php(729): Illuminate\\Routing\\Router->dispatchToRoute(Object(Illuminate\\Http\\Request))
#22 /Users/miguelfernandosansebastianmorales/Documents/luciernagas/vendor/laravel/framework/src/Illuminate/Foundation/Http/Kernel.php(190): Illuminate\\Routing\\Router->dispatch(Object(Illuminate\\Http\\Request))
#23 /Users/miguelfernandosansebastianmorales/Documents/luciernagas/vendor/laravel/framework/src/Illuminate/Pipeline/Pipeline.php(141): Illuminate\\Foundation\\Http\\Kernel->Illuminate\\Foundation\\Http\\{closure}(Object(Illuminate\\Http\\Request))
#24 /Users/miguelfernandosansebastianmorales/Documents/luciernagas/vendor/laravel/framework/src/Illuminate/Foundation/Http/Middleware/TransformsRequest.php(21): Illuminate\\Pipeline\\Pipeline->Illuminate\\Pipeline\\{closure}(Object(Illuminate\\Http\\Request))
#25 /Users/miguelfernandosansebastianmorales/Documents/luciernagas/vendor/laravel/framework/src/Illuminate/Foundation/Http/Middleware/ConvertEmptyStringsToNull.php(31): Illuminate\\Foundation\\Http\\Middleware\\TransformsRequest->handle(Object(Illuminate\\Http\\Request), Object(Closure))
#26 /Users/miguelfernandosansebastianmorales/Documents/luciernagas/vendor/laravel/framework/src/Illuminate/Pipeline/Pipeline.php(180): Illuminate\\Foundation\\Http\\Middleware\\ConvertEmptyStringsToNull->handle(Object(Illuminate\\Http\\Request), Object(Closure))
#27 /Users/miguelfernandosansebastianmorales/Documents/luciernagas/vendor/laravel/framework/src/Illuminate/Foundation/Http/Middleware/TransformsRequest.php(21): Illuminate\\Pipeline\\Pipeline->Illuminate\\Pipeline\\{closure}(Object(Illuminate\\Http\\Request))
#28 /Users/miguelfernandosansebastianmorales/Documents/luciernagas/vendor/laravel/framework/src/Illuminate/Foundation/Http/Middleware/TrimStrings.php(40): Illuminate\\Foundation\\Http\\Middleware\\TransformsRequest->handle(Object(Illuminate\\Http\\Request), Object(Closure))
#29 /Users/miguelfernandosansebastianmorales/Documents/luciernagas/vendor/laravel/framework/src/Illuminate/Pipeline/Pipeline.php(180): Illuminate\\Foundation\\Http\\Middleware\\TrimStrings->handle(Object(Illuminate\\Http\\Request), Object(Closure))
#30 /Users/miguelfernandosansebastianmorales/Documents/luciernagas/vendor/laravel/framework/src/Illuminate/Foundation/Http/Middleware/ValidatePostSize.php(27): Illuminate\\Pipeline\\Pipeline->Illuminate\\Pipeline\\{closure}(Object(Illuminate\\Http\\Request))
#31 /Users/miguelfernandosansebastianmorales/Documents/luciernagas/vendor/laravel/framework/src/Illuminate/Pipeline/Pipeline.php(180): Illuminate\\Foundation\\Http\\Middleware\\ValidatePostSize->handle(Object(Illuminate\\Http\\Request), Object(Closure))
#32 /Users/miguelfernandosansebastianmorales/Documents/luciernagas/vendor/laravel/framework/src/Illuminate/Foundation/Http/Middleware/PreventRequestsDuringMaintenance.php(86): Illuminate\\Pipeline\\Pipeline->Illuminate\\Pipeline\\{closure}(Object(Illuminate\\Http\\Request))
#33 /Users/miguelfernandosansebastianmorales/Documents/luciernagas/vendor/laravel/framework/src/Illuminate/Pipeline/Pipeline.php(180): Illuminate\\Foundation\\Http\\Middleware\\PreventRequestsDuringMaintenance->handle(Object(Illuminate\\Http\\Request), Object(Closure))
#34 /Users/miguelfernandosansebastianmorales/Documents/luciernagas/vendor/laravel/framework/src/Illuminate/Http/Middleware/HandleCors.php(49): Illuminate\\Pipeline\\Pipeline->Illuminate\\Pipeline\\{closure}(Object(Illuminate\\Http\\Request))
#35 /Users/miguelfernandosansebastianmorales/Documents/luciernagas/vendor/laravel/framework/src/Illuminate/Pipeline/Pipeline.php(180): Illuminate\\Http\\Middleware\\HandleCors->handle(Object(Illuminate\\Http\\Request), Object(Closure))
#36 /Users/miguelfernandosansebastianmorales/Documents/luciernagas/vendor/laravel/framework/src/Illuminate/Http/Middleware/TrustProxies.php(39): Illuminate\\Pipeline\\Pipeline->Illuminate\\Pipeline\\{closure}(Object(Illuminate\\Http\\Request))
#37 /Users/miguelfernandosansebastianmorales/Documents/luciernagas/vendor/laravel/framework/src/Illuminate/Pipeline/Pipeline.php(180): Illuminate\\Http\\Middleware\\TrustProxies->handle(Object(Illuminate\\Http\\Request), Object(Closure))
#38 /Users/miguelfernandosansebastianmorales/Documents/luciernagas/vendor/laravel/framework/src/Illuminate/Pipeline/Pipeline.php(116): Illuminate\\Pipeline\\Pipeline->Illuminate\\Pipeline\\{closure}(Object(Illuminate\\Http\\Request))
#39 /Users/miguelfernandosansebastianmorales/Documents/luciernagas/vendor/laravel/framework/src/Illuminate/Foundation/Http/Kernel.php(165): Illuminate\\Pipeline\\Pipeline->then(Object(Closure))
#40 /Users/miguelfernandosansebastianmorales/Documents/luciernagas/vendor/laravel/framework/src/Illuminate/Foundation/Http/Kernel.php(134): Illuminate\\Foundation\\Http\\Kernel->sendRequestThroughRouter(Object(Illuminate\\Http\\Request))
#41 /Users/miguelfernandosansebastianmorales/Documents/luciernagas/public/index.php(51): Illuminate\\Foundation\\Http\\Kernel->handle(Object(Illuminate\\Http\\Request))
#42 /Users/miguelfernandosansebastianmorales/Documents/luciernagas/vendor/laravel/framework/src/Illuminate/Foundation/resources/server.php(16): require_once('/Users/miguelfe...')
#43 {main}
"} 
[2024-03-04 17:59:38] production.ERROR: No application encryption key has been specified. {"exception":"[object] (Illuminate\\Encryption\\MissingAppKeyException(code: 0): No application encryption key has been specified. at /Users/miguelfernandosansebastianmorales/Documents/luciernagas/vendor/laravel/framework/src/Illuminate/Encryption/EncryptionServiceProvider.php:79)
[stacktrace]
#0 /Users/miguelfernandosansebastianmorales/Documents/luciernagas/vendor/laravel/framework/src/Illuminate/Support/helpers.php(306): Illuminate\\Encryption\\EncryptionServiceProvider->Illuminate\\Encryption\\{closure}(NULL)
#1 /Users/miguelfernandosansebastianmorales/Documents/luciernagas/vendor/laravel/framework/src/Illuminate/Encryption/EncryptionServiceProvider.php(77): tap(NULL, Object(Closure))
#2 /Users/miguelfernandosansebastianmorales/Documents/luciernagas/vendor/laravel/framework/src/Illuminate/Encryption/EncryptionServiceProvider.php(60): Illuminate\\Encryption\\EncryptionServiceProvider->key(Array)
#3 /Users/miguelfernandosansebastianmorales/Documents/luciernagas/vendor/laravel/framework/src/Illuminate/Encryption/EncryptionServiceProvider.php(32): Illuminate\\Encryption\\EncryptionServiceProvider->parseKey(Array)
#4 /Users/miguelfernandosansebastianmorales/Documents/luciernagas/vendor/laravel/framework/src/Illuminate/Container/Container.php(885): Illuminate\\Encryption\\EncryptionServiceProvider->Illuminate\\Encryption\\{closure}(Object(Illuminate\\Foundation\\Application), Array)
#5 /Users/miguelfernandosansebastianmorales/Documents/luciernagas/vendor/laravel/framework/src/Illuminate/Container/Container.php(770): Illuminate\\Container\\Container->build(Object(Closure))
#6 /Users/miguelfernandosansebastianmorales/Documents/luciernagas/vendor/laravel/framework/src/Illuminate/Foundation/Application.php(856): Illuminate\\Container\\Container->resolve('encrypter', Array, true)
#7 /Users/miguelfernandosansebastianmorales/Documents/luciernagas/vendor/laravel/framework/src/Illuminate/Container/Container.php(706): Illuminate\\Foundation\\Application->resolve('encrypter', Array)
#8 /Users/miguelfernandosansebastianmorales/Documents/luciernagas/vendor/laravel/framework/src/Illuminate/Foundation/Application.php(841): Illuminate\\Container\\Container->make('encrypter', Array)
#9 /Users/miguelfernandosansebastianmorales/Documents/luciernagas/vendor/laravel/framework/src/Illuminate/Container/Container.php(1043): Illuminate\\Foundation\\Application->make('encrypter')
#10 /Users/miguelfernandosansebastianmorales/Documents/luciernagas/vendor/laravel/framework/src/Illuminate/Container/Container.php(959): Illuminate\\Container\\Container->resolveClass(Object(ReflectionParameter))
#11 /Users/miguelfernandosansebastianmorales/Documents/luciernagas/vendor/laravel/framework/src/Illuminate/Container/Container.php(920): Illuminate\\Container\\Container->resolveDependencies(Array)
#12 /Users/miguelfernandosansebastianmorales/Documents/luciernagas/vendor/laravel/framework/src/Illuminate/Container/Container.php(770): Illuminate\\Container\\Container->build('App\\\\Http\\\\Middle...')
#13 /Users/miguelfernandosansebastianmorales/Documents/luciernagas/vendor/laravel/framework/src/Illuminate/Foundation/Application.php(856): Illuminate\\Container\\Container->resolve('App\\\\Http\\\\Middle...', Array, true)
#14 /Users/miguelfernandosansebastianmorales/Documents/luciernagas/vendor/laravel/framework/src/Illuminate/Container/Container.php(706): Illuminate\\Foundation\\Application->resolve('App\\\\Http\\\\Middle...', Array)
#15 /Users/miguelfernandosansebastianmorales/Documents/luciernagas/vendor/laravel/framework/src/Illuminate/Foundation/Application.php(841): Illuminate\\Container\\Container->make('App\\\\Http\\\\Middle...', Array)
#16 /Users/miguelfernandosansebastianmorales/Documents/luciernagas/vendor/laravel/framework/src/Illuminate/Foundation/Http/Kernel.php(239): Illuminate\\Foundation\\Application->make('App\\\\Http\\\\Middle...')
#17 /Users/miguelfernandosansebastianmorales/Documents/luciernagas/vendor/laravel/framework/src/Illuminate/Foundation/Http/Kernel.php(203): Illuminate\\Foundation\\Http\\Kernel->terminateMiddleware(Object(Illuminate\\Http\\Request), Object(Illuminate\\Http\\Response))
#18 /Users/miguelfernandosansebastianmorales/Documents/luciernagas/public/index.php(55): Illuminate\\Foundation\\Http\\Kernel->terminate(Object(Illuminate\\Http\\Request), Object(Illuminate\\Http\\Response))
#19 /Users/miguelfernandosansebastianmorales/Documents/luciernagas/vendor/laravel/framework/src/Illuminate/Foundation/resources/server.php(16): require_once('/Users/miguelfe...')
#20 {main}
"} 
[2024-03-04 18:08:38] production.ERROR: No application encryption key has been specified. {"exception":"[object] (Illuminate\\Encryption\\MissingAppKeyException(code: 0): No application encryption key has been specified. at /Users/miguelfernandosansebastianmorales/Documents/luciernagas/vendor/laravel/framework/src/Illuminate/Encryption/EncryptionServiceProvider.php:79)
[stacktrace]
#0 /Users/miguelfernandosansebastianmorales/Documents/luciernagas/vendor/laravel/framework/src/Illuminate/Support/helpers.php(306): Illuminate\\Encryption\\EncryptionServiceProvider->Illuminate\\Encryption\\{closure}(NULL)
#1 /Users/miguelfernandosansebastianmorales/Documents/luciernagas/vendor/laravel/framework/src/Illuminate/Encryption/EncryptionServiceProvider.php(77): tap(NULL, Object(Closure))
#2 /Users/miguelfernandosansebastianmorales/Documents/luciernagas/vendor/laravel/framework/src/Illuminate/Encryption/EncryptionServiceProvider.php(60): Illuminate\\Encryption\\EncryptionServiceProvider->key(Array)
#3 /Users/miguelfernandosansebastianmorales/Documents/luciernagas/vendor/laravel/framework/src/Illuminate/Encryption/EncryptionServiceProvider.php(32): Illuminate\\Encryption\\EncryptionServiceProvider->parseKey(Array)
#4 /Users/miguelfernandosansebastianmorales/Documents/luciernagas/vendor/laravel/framework/src/Illuminate/Container/Container.php(885): Illuminate\\Encryption\\EncryptionServiceProvider->Illuminate\\Encryption\\{closure}(Object(Illuminate\\Foundation\\Application), Array)
#5 /Users/miguelfernandosansebastianmorales/Documents/luciernagas/vendor/laravel/framework/src/Illuminate/Container/Container.php(770): Illuminate\\Container\\Container->build(Object(Closure))
#6 /Users/miguelfernandosansebastianmorales/Documents/luciernagas/vendor/laravel/framework/src/Illuminate/Foundation/Application.php(856): Illuminate\\Container\\Container->resolve('encrypter', Array, true)
#7 /Users/miguelfernandosansebastianmorales/Documents/luciernagas/vendor/laravel/framework/src/Illuminate/Container/Container.php(706): Illuminate\\Foundation\\Application->resolve('encrypter', Array)
#8 /Users/miguelfernandosansebastianmorales/Documents/luciernagas/vendor/laravel/framework/src/Illuminate/Foundation/Application.php(841): Illuminate\\Container\\Container->make('encrypter', Array)
#9 /Users/miguelfernandosansebastianmorales/Documents/luciernagas/vendor/laravel/framework/src/Illuminate/Container/Container.php(1043): Illuminate\\Foundation\\Application->make('encrypter')
#10 /Users/miguelfernandosansebastianmorales/Documents/luciernagas/vendor/laravel/framework/src/Illuminate/Container/Container.php(959): Illuminate\\Container\\Container->resolveClass(Object(ReflectionParameter))
#11 /Users/miguelfernandosansebastianmorales/Documents/luciernagas/vendor/laravel/framework/src/Illuminate/Container/Container.php(920): Illuminate\\Container\\Container->resolveDependencies(Array)
#12 /Users/miguelfernandosansebastianmorales/Documents/luciernagas/vendor/laravel/framework/src/Illuminate/Container/Container.php(770): Illuminate\\Container\\Container->build('App\\\\Http\\\\Middle...')
#13 /Users/miguelfernandosansebastianmorales/Documents/luciernagas/vendor/laravel/framework/src/Illuminate/Foundation/Application.php(856): Illuminate\\Container\\Container->resolve('App\\\\Http\\\\Middle...', Array, true)
#14 /Users/miguelfernandosansebastianmorales/Documents/luciernagas/vendor/laravel/framework/src/Illuminate/Container/Container.php(706): Illuminate\\Foundation\\Application->resolve('App\\\\Http\\\\Middle...', Array)
#15 /Users/miguelfernandosansebastianmorales/Documents/luciernagas/vendor/laravel/framework/src/Illuminate/Foundation/Application.php(841): Illuminate\\Container\\Container->make('App\\\\Http\\\\Middle...', Array)
#16 /Users/miguelfernandosansebastianmorales/Documents/luciernagas/vendor/laravel/framework/src/Illuminate/Pipeline/Pipeline.php(169): Illuminate\\Foundation\\Application->make('App\\\\Http\\\\Middle...')
#17 /Users/miguelfernandosansebastianmorales/Documents/luciernagas/vendor/laravel/framework/src/Illuminate/Pipeline/Pipeline.php(116): Illuminate\\Pipeline\\Pipeline->Illuminate\\Pipeline\\{closure}(Object(Illuminate\\Http\\Request))
#18 /Users/miguelfernandosansebastianmorales/Documents/luciernagas/vendor/laravel/framework/src/Illuminate/Routing/Router.php(797): Illuminate\\Pipeline\\Pipeline->then(Object(Closure))
#19 /Users/miguelfernandosansebastianmorales/Documents/luciernagas/vendor/laravel/framework/src/Illuminate/Routing/Router.php(776): Illuminate\\Routing\\Router->runRouteWithinStack(Object(Illuminate\\Routing\\Route), Object(Illuminate\\Http\\Request))
#20 /Users/miguelfernandosansebastianmorales/Documents/luciernagas/vendor/laravel/framework/src/Illuminate/Routing/Router.php(740): Illuminate\\Routing\\Router->runRoute(Object(Illuminate\\Http\\Request), Object(Illuminate\\Routing\\Route))
#21 /Users/miguelfernandosansebastianmorales/Documents/luciernagas/vendor/laravel/framework/src/Illuminate/Routing/Router.php(729): Illuminate\\Routing\\Router->dispatchToRoute(Object(Illuminate\\Http\\Request))
#22 /Users/miguelfernandosansebastianmorales/Documents/luciernagas/vendor/laravel/framework/src/Illuminate/Foundation/Http/Kernel.php(190): Illuminate\\Routing\\Router->dispatch(Object(Illuminate\\Http\\Request))
#23 /Users/miguelfernandosansebastianmorales/Documents/luciernagas/vendor/laravel/framework/src/Illuminate/Pipeline/Pipeline.php(141): Illuminate\\Foundation\\Http\\Kernel->Illuminate\\Foundation\\Http\\{closure}(Object(Illuminate\\Http\\Request))
#24 /Users/miguelfernandosansebastianmorales/Documents/luciernagas/vendor/laravel/framework/src/Illuminate/Foundation/Http/Middleware/TransformsRequest.php(21): Illuminate\\Pipeline\\Pipeline->Illuminate\\Pipeline\\{closure}(Object(Illuminate\\Http\\Request))
#25 /Users/miguelfernandosansebastianmorales/Documents/luciernagas/vendor/laravel/framework/src/Illuminate/Foundation/Http/Middleware/ConvertEmptyStringsToNull.php(31): Illuminate\\Foundation\\Http\\Middleware\\TransformsRequest->handle(Object(Illuminate\\Http\\Request), Object(Closure))
#26 /Users/miguelfernandosansebastianmorales/Documents/luciernagas/vendor/laravel/framework/src/Illuminate/Pipeline/Pipeline.php(180): Illuminate\\Foundation\\Http\\Middleware\\ConvertEmptyStringsToNull->handle(Object(Illuminate\\Http\\Request), Object(Closure))
#27 /Users/miguelfernandosansebastianmorales/Documents/luciernagas/vendor/laravel/framework/src/Illuminate/Foundation/Http/Middleware/TransformsRequest.php(21): Illuminate\\Pipeline\\Pipeline->Illuminate\\Pipeline\\{closure}(Object(Illuminate\\Http\\Request))
#28 /Users/miguelfernandosansebastianmorales/Documents/luciernagas/vendor/laravel/framework/src/Illuminate/Foundation/Http/Middleware/TrimStrings.php(40): Illuminate\\Foundation\\Http\\Middleware\\TransformsRequest->handle(Object(Illuminate\\Http\\Request), Object(Closure))
#29 /Users/miguelfernandosansebastianmorales/Documents/luciernagas/vendor/laravel/framework/src/Illuminate/Pipeline/Pipeline.php(180): Illuminate\\Foundation\\Http\\Middleware\\TrimStrings->handle(Object(Illuminate\\Http\\Request), Object(Closure))
#30 /Users/miguelfernandosansebastianmorales/Documents/luciernagas/vendor/laravel/framework/src/Illuminate/Foundation/Http/Middleware/ValidatePostSize.php(27): Illuminate\\Pipeline\\Pipeline->Illuminate\\Pipeline\\{closure}(Object(Illuminate\\Http\\Request))
#31 /Users/miguelfernandosansebastianmorales/Documents/luciernagas/vendor/laravel/framework/src/Illuminate/Pipeline/Pipeline.php(180): Illuminate\\Foundation\\Http\\Middleware\\ValidatePostSize->handle(Object(Illuminate\\Http\\Request), Object(Closure))
#32 /Users/miguelfernandosansebastianmorales/Documents/luciernagas/vendor/laravel/framework/src/Illuminate/Foundation/Http/Middleware/PreventRequestsDuringMaintenance.php(86): Illuminate\\Pipeline\\Pipeline->Illuminate\\Pipeline\\{closure}(Object(Illuminate\\Http\\Request))
#33 /Users/miguelfernandosansebastianmorales/Documents/luciernagas/vendor/laravel/framework/src/Illuminate/Pipeline/Pipeline.php(180): Illuminate\\Foundation\\Http\\Middleware\\PreventRequestsDuringMaintenance->handle(Object(Illuminate\\Http\\Request), Object(Closure))
#34 /Users/miguelfernandosansebastianmorales/Documents/luciernagas/vendor/laravel/framework/src/Illuminate/Http/Middleware/HandleCors.php(49): Illuminate\\Pipeline\\Pipeline->Illuminate\\Pipeline\\{closure}(Object(Illuminate\\Http\\Request))
#35 /Users/miguelfernandosansebastianmorales/Documents/luciernagas/vendor/laravel/framework/src/Illuminate/Pipeline/Pipeline.php(180): Illuminate\\Http\\Middleware\\HandleCors->handle(Object(Illuminate\\Http\\Request), Object(Closure))
#36 /Users/miguelfernandosansebastianmorales/Documents/luciernagas/vendor/laravel/framework/src/Illuminate/Http/Middleware/TrustProxies.php(39): Illuminate\\Pipeline\\Pipeline->Illuminate\\Pipeline\\{closure}(Object(Illuminate\\Http\\Request))
#37 /Users/miguelfernandosansebastianmorales/Documents/luciernagas/vendor/laravel/framework/src/Illuminate/Pipeline/Pipeline.php(180): Illuminate\\Http\\Middleware\\TrustProxies->handle(Object(Illuminate\\Http\\Request), Object(Closure))
#38 /Users/miguelfernandosansebastianmorales/Documents/luciernagas/vendor/laravel/framework/src/Illuminate/Pipeline/Pipeline.php(116): Illuminate\\Pipeline\\Pipeline->Illuminate\\Pipeline\\{closure}(Object(Illuminate\\Http\\Request))
#39 /Users/miguelfernandosansebastianmorales/Documents/luciernagas/vendor/laravel/framework/src/Illuminate/Foundation/Http/Kernel.php(165): Illuminate\\Pipeline\\Pipeline->then(Object(Closure))
#40 /Users/miguelfernandosansebastianmorales/Documents/luciernagas/vendor/laravel/framework/src/Illuminate/Foundation/Http/Kernel.php(134): Illuminate\\Foundation\\Http\\Kernel->sendRequestThroughRouter(Object(Illuminate\\Http\\Request))
#41 /Users/miguelfernandosansebastianmorales/Documents/luciernagas/public/index.php(51): Illuminate\\Foundation\\Http\\Kernel->handle(Object(Illuminate\\Http\\Request))
#42 /Users/miguelfernandosansebastianmorales/Documents/luciernagas/vendor/laravel/framework/src/Illuminate/Foundation/resources/server.php(16): require_once('/Users/miguelfe...')
#43 {main}
"} 
[2024-03-04 18:08:38] production.ERROR: No application encryption key has been specified. {"exception":"[object] (Illuminate\\Encryption\\MissingAppKeyException(code: 0): No application encryption key has been specified. at /Users/miguelfernandosansebastianmorales/Documents/luciernagas/vendor/laravel/framework/src/Illuminate/Encryption/EncryptionServiceProvider.php:79)
[stacktrace]
#0 /Users/miguelfernandosansebastianmorales/Documents/luciernagas/vendor/laravel/framework/src/Illuminate/Support/helpers.php(306): Illuminate\\Encryption\\EncryptionServiceProvider->Illuminate\\Encryption\\{closure}(NULL)
#1 /Users/miguelfernandosansebastianmorales/Documents/luciernagas/vendor/laravel/framework/src/Illuminate/Encryption/EncryptionServiceProvider.php(77): tap(NULL, Object(Closure))
#2 /Users/miguelfernandosansebastianmorales/Documents/luciernagas/vendor/laravel/framework/src/Illuminate/Encryption/EncryptionServiceProvider.php(60): Illuminate\\Encryption\\EncryptionServiceProvider->key(Array)
#3 /Users/miguelfernandosansebastianmorales/Documents/luciernagas/vendor/laravel/framework/src/Illuminate/Encryption/EncryptionServiceProvider.php(32): Illuminate\\Encryption\\EncryptionServiceProvider->parseKey(Array)
#4 /Users/miguelfernandosansebastianmorales/Documents/luciernagas/vendor/laravel/framework/src/Illuminate/Container/Container.php(885): Illuminate\\Encryption\\EncryptionServiceProvider->Illuminate\\Encryption\\{closure}(Object(Illuminate\\Foundation\\Application), Array)
#5 /Users/miguelfernandosansebastianmorales/Documents/luciernagas/vendor/laravel/framework/src/Illuminate/Container/Container.php(770): Illuminate\\Container\\Container->build(Object(Closure))
#6 /Users/miguelfernandosansebastianmorales/Documents/luciernagas/vendor/laravel/framework/src/Illuminate/Foundation/Application.php(856): Illuminate\\Container\\Container->resolve('encrypter', Array, true)
#7 /Users/miguelfernandosansebastianmorales/Documents/luciernagas/vendor/laravel/framework/src/Illuminate/Container/Container.php(706): Illuminate\\Foundation\\Application->resolve('encrypter', Array)
#8 /Users/miguelfernandosansebastianmorales/Documents/luciernagas/vendor/laravel/framework/src/Illuminate/Foundation/Application.php(841): Illuminate\\Container\\Container->make('encrypter', Array)
#9 /Users/miguelfernandosansebastianmorales/Documents/luciernagas/vendor/laravel/framework/src/Illuminate/Container/Container.php(1043): Illuminate\\Foundation\\Application->make('encrypter')
#10 /Users/miguelfernandosansebastianmorales/Documents/luciernagas/vendor/laravel/framework/src/Illuminate/Container/Container.php(959): Illuminate\\Container\\Container->resolveClass(Object(ReflectionParameter))
#11 /Users/miguelfernandosansebastianmorales/Documents/luciernagas/vendor/laravel/framework/src/Illuminate/Container/Container.php(920): Illuminate\\Container\\Container->resolveDependencies(Array)
#12 /Users/miguelfernandosansebastianmorales/Documents/luciernagas/vendor/laravel/framework/src/Illuminate/Container/Container.php(770): Illuminate\\Container\\Container->build('App\\\\Http\\\\Middle...')
#13 /Users/miguelfernandosansebastianmorales/Documents/luciernagas/vendor/laravel/framework/src/Illuminate/Foundation/Application.php(856): Illuminate\\Container\\Container->resolve('App\\\\Http\\\\Middle...', Array, true)
#14 /Users/miguelfernandosansebastianmorales/Documents/luciernagas/vendor/laravel/framework/src/Illuminate/Container/Container.php(706): Illuminate\\Foundation\\Application->resolve('App\\\\Http\\\\Middle...', Array)
#15 /Users/miguelfernandosansebastianmorales/Documents/luciernagas/vendor/laravel/framework/src/Illuminate/Foundation/Application.php(841): Illuminate\\Container\\Container->make('App\\\\Http\\\\Middle...', Array)
#16 /Users/miguelfernandosansebastianmorales/Documents/luciernagas/vendor/laravel/framework/src/Illuminate/Foundation/Http/Kernel.php(239): Illuminate\\Foundation\\Application->make('App\\\\Http\\\\Middle...')
#17 /Users/miguelfernandosansebastianmorales/Documents/luciernagas/vendor/laravel/framework/src/Illuminate/Foundation/Http/Kernel.php(203): Illuminate\\Foundation\\Http\\Kernel->terminateMiddleware(Object(Illuminate\\Http\\Request), Object(Illuminate\\Http\\Response))
#18 /Users/miguelfernandosansebastianmorales/Documents/luciernagas/public/index.php(55): Illuminate\\Foundation\\Http\\Kernel->terminate(Object(Illuminate\\Http\\Request), Object(Illuminate\\Http\\Response))
#19 /Users/miguelfernandosansebastianmorales/Documents/luciernagas/vendor/laravel/framework/src/Illuminate/Foundation/resources/server.php(16): require_once('/Users/miguelfe...')
#20 {main}
"} 
